<?xml version="1.0" encoding="utf-8"?>
<test-run id="2" name="NUnitTestLibrary.dll" fullname="C:/Dev/Adda-Node/NUnitTestLibrary/bin/Debug/NUnitTestLibrary.dll" testcasecount="52" result="Passed" start-time="2016-05-05 10:01:36Z" end-time="2016-05-05 10:01:37Z" duration="0.168743" total="52" passed="52" failed="0" inconclusive="0" skipped="0" asserts="62" random-seed="1012362324">
  <command-line><![CDATA[C:\Utils\NUnit-3.2.1\bin\net-4.5\nunitlite-runner.exe  NUnitTestLibrary.dll]]></command-line>
  <filter />
  <test-suite type="Assembly" id="1065" name="NUnitTestLibrary.dll" fullname="C:/Dev/Adda-Node/NUnitTestLibrary/bin/Debug/NUnitTestLibrary.dll" runstate="Runnable" testcasecount="52" result="Passed" start-time="2016-05-05 10:01:36Z" end-time="2016-05-05 10:01:37Z" duration="0.168743" total="52" passed="52" failed="0" inconclusive="0" skipped="0" asserts="62">
    <environment framework-version="3.2.1.0" clr-version="4.0.30319.42000" os-version="Microsoft Windows NT 6.1.7601 Service Pack 1" platform="Win32NT" cwd="C:\Dev\Adda-Node\NUnitTestLibrary\bin\Debug" machine-name="THEMACHINE" user="ernest" user-domain="THEMACHINE" culture="en-NZ" uiculture="en-US" os-architecture="x86" />
    <settings>
      <setting name="WorkDirectory" value="C:\Dev\Adda-Node\NUnitTestLibrary\bin\Debug" />
      <setting name="NumberOfTestWorkers" value="2" />
    </settings>
    <properties>
      <property name="_PID" value="7488" />
      <property name="_APPDOMAIN" value="nunitlite-runner.exe" />
    </properties>
    <test-suite type="TestSuite" id="1067" name="NodeTests" fullname="NodeTests" runstate="Runnable" testcasecount="22" result="Passed" start-time="2016-05-05 10:01:36Z" end-time="2016-05-05 10:01:36Z" duration="0.031843" total="22" passed="22" failed="0" inconclusive="0" skipped="0" asserts="22">
      <test-suite type="TestFixture" id="1039" name="DescriberTests" fullname="NodeTests.DescriberTests" classname="NodeTests.DescriberTests" runstate="Runnable" testcasecount="7" result="Passed" start-time="2016-05-05 10:01:36Z" end-time="2016-05-05 10:01:36Z" duration="0.025543" total="7" passed="7" failed="0" inconclusive="0" skipped="0" asserts="7">
        <test-case id="1041" name="Can_describe_actual_class" fullname="NodeTests.DescriberTests.Can_describe_actual_class" methodname="Can_describe_actual_class" classname="NodeTests.DescriberTests" runstate="Runnable" seed="1637476819" result="Passed" start-time="2016-05-05 10:01:36Z" end-time="2016-05-05 10:01:36Z" duration="0.013997" asserts="1" />
        <test-case id="1045" name="Can_describe_describer_example" fullname="NodeTests.DescriberTests.Can_describe_describer_example" methodname="Can_describe_describer_example" classname="NodeTests.DescriberTests" runstate="Runnable" seed="105033491" result="Passed" start-time="2016-05-05 10:01:36Z" end-time="2016-05-05 10:01:36Z" duration="0.002641" asserts="1" />
        <test-case id="1043" name="Can_describe_multiple_children" fullname="NodeTests.DescriberTests.Can_describe_multiple_children" methodname="Can_describe_multiple_children" classname="NodeTests.DescriberTests" runstate="Runnable" seed="502868772" result="Passed" start-time="2016-05-05 10:01:36Z" end-time="2016-05-05 10:01:36Z" duration="0.000202" asserts="1" />
        <test-case id="1044" name="Can_describe_multiple_children2" fullname="NodeTests.DescriberTests.Can_describe_multiple_children2" methodname="Can_describe_multiple_children2" classname="NodeTests.DescriberTests" runstate="Runnable" seed="1924427483" result="Passed" start-time="2016-05-05 10:01:36Z" end-time="2016-05-05 10:01:36Z" duration="0.000239" asserts="1" />
        <test-case id="1042" name="Can_describe_shallow_nesting" fullname="NodeTests.DescriberTests.Can_describe_shallow_nesting" methodname="Can_describe_shallow_nesting" classname="NodeTests.DescriberTests" runstate="Runnable" seed="608442110" result="Passed" start-time="2016-05-05 10:01:36Z" end-time="2016-05-05 10:01:36Z" duration="0.000169" asserts="1" />
        <test-case id="1040" name="Can_describe_simple" fullname="NodeTests.DescriberTests.Can_describe_simple" methodname="Can_describe_simple" classname="NodeTests.DescriberTests" runstate="Runnable" seed="142881592" result="Passed" start-time="2016-05-05 10:01:36Z" end-time="2016-05-05 10:01:36Z" duration="0.000157" asserts="1" />
        <test-case id="1046" name="Can_describe_transformer_example" fullname="NodeTests.DescriberTests.Can_describe_transformer_example" methodname="Can_describe_transformer_example" classname="NodeTests.DescriberTests" runstate="Runnable" seed="980176457" result="Passed" start-time="2016-05-05 10:01:36Z" end-time="2016-05-05 10:01:36Z" duration="0.000321" asserts="1" />
      </test-suite>
      <test-suite type="TestFixture" id="1021" name="LibraryTests" fullname="NodeTests.LibraryTests" classname="NodeTests.LibraryTests" runstate="Runnable" testcasecount="15" result="Passed" start-time="2016-05-05 10:01:36Z" end-time="2016-05-05 10:01:36Z" duration="0.004619" total="15" passed="15" failed="0" inconclusive="0" skipped="0" asserts="15">
        <test-suite type="ParameterizedMethod" id="1032" name="Can_assert_equals" fullname="NodeTests.LibraryTests.Can_assert_equals" runstate="Runnable" testcasecount="10" result="Passed" start-time="2016-05-05 10:01:36Z" end-time="2016-05-05 10:01:36Z" duration="0.003123" total="10" passed="10" failed="0" inconclusive="0" skipped="0" asserts="10">
          <test-case id="1022" name="Can_assert_equals(NodeLibrary.NoChildrenNode,NodeLibrary.NoChildrenNode)" fullname="NodeTests.LibraryTests.Can_assert_equals(NodeLibrary.NoChildrenNode,NodeLibrary.NoChildrenNode)" methodname="Can_assert_equals" classname="NodeTests.LibraryTests" runstate="Runnable" seed="1554169190" result="Passed" start-time="2016-05-05 10:01:36Z" end-time="2016-05-05 10:01:36Z" duration="0.001860" asserts="1" />
          <test-case id="1023" name="Can_assert_equals(NodeLibrary.SingleChildNode,NodeLibrary.SingleChildNode)" fullname="NodeTests.LibraryTests.Can_assert_equals(NodeLibrary.SingleChildNode,NodeLibrary.SingleChildNode)" methodname="Can_assert_equals" classname="NodeTests.LibraryTests" runstate="Runnable" seed="1677261054" result="Passed" start-time="2016-05-05 10:01:36Z" end-time="2016-05-05 10:01:36Z" duration="0.000056" asserts="1" />
          <test-case id="1024" name="Can_assert_equals(NodeLibrary.TwoChildrenNode,NodeLibrary.TwoChildrenNode)" fullname="NodeTests.LibraryTests.Can_assert_equals(NodeLibrary.TwoChildrenNode,NodeLibrary.TwoChildrenNode)" methodname="Can_assert_equals" classname="NodeTests.LibraryTests" runstate="Runnable" seed="576373092" result="Passed" start-time="2016-05-05 10:01:36Z" end-time="2016-05-05 10:01:36Z" duration="0.000046" asserts="1" />
          <test-case id="1025" name="Can_assert_equals(NodeLibrary.ManyChildrenNode,NodeLibrary.ManyChildrenNode)" fullname="NodeTests.LibraryTests.Can_assert_equals(NodeLibrary.ManyChildrenNode,NodeLibrary.ManyChildrenNode)" methodname="Can_assert_equals" classname="NodeTests.LibraryTests" runstate="Runnable" seed="1250558881" result="Passed" start-time="2016-05-05 10:01:36Z" end-time="2016-05-05 10:01:36Z" duration="0.000052" asserts="1" />
          <test-case id="1026" name="Can_assert_equals(NodeLibrary.SingleChildNode,NodeLibrary.SingleChildNode)" fullname="NodeTests.LibraryTests.Can_assert_equals(NodeLibrary.SingleChildNode,NodeLibrary.SingleChildNode)" methodname="Can_assert_equals" classname="NodeTests.LibraryTests" runstate="Runnable" seed="1940582013" result="Passed" start-time="2016-05-05 10:01:36Z" end-time="2016-05-05 10:01:36Z" duration="0.000049" asserts="1" />
          <test-case id="1027" name="Can_assert_equals(NodeLibrary.TwoChildrenNode,NodeLibrary.TwoChildrenNode)" fullname="NodeTests.LibraryTests.Can_assert_equals(NodeLibrary.TwoChildrenNode,NodeLibrary.TwoChildrenNode)" methodname="Can_assert_equals" classname="NodeTests.LibraryTests" runstate="Runnable" seed="986480483" result="Passed" start-time="2016-05-05 10:01:36Z" end-time="2016-05-05 10:01:36Z" duration="0.000039" asserts="1" />
          <test-case id="1028" name="Can_assert_equals(NodeLibrary.ManyChildrenNode,NodeLibrary.ManyChildrenNode)" fullname="NodeTests.LibraryTests.Can_assert_equals(NodeLibrary.ManyChildrenNode,NodeLibrary.ManyChildrenNode)" methodname="Can_assert_equals" classname="NodeTests.LibraryTests" runstate="Runnable" seed="1790476730" result="Passed" start-time="2016-05-05 10:01:36Z" end-time="2016-05-05 10:01:36Z" duration="0.000045" asserts="1" />
          <test-case id="1029" name="Can_assert_equals(NodeLibrary.TwoChildrenNode,NodeLibrary.TwoChildrenNode)" fullname="NodeTests.LibraryTests.Can_assert_equals(NodeLibrary.TwoChildrenNode,NodeLibrary.TwoChildrenNode)" methodname="Can_assert_equals" classname="NodeTests.LibraryTests" runstate="Runnable" seed="198342477" result="Passed" start-time="2016-05-05 10:01:36Z" end-time="2016-05-05 10:01:36Z" duration="0.000038" asserts="1" />
          <test-case id="1030" name="Can_assert_equals(NodeLibrary.ManyChildrenNode,NodeLibrary.ManyChildrenNode)" fullname="NodeTests.LibraryTests.Can_assert_equals(NodeLibrary.ManyChildrenNode,NodeLibrary.ManyChildrenNode)" methodname="Can_assert_equals" classname="NodeTests.LibraryTests" runstate="Runnable" seed="748979172" result="Passed" start-time="2016-05-05 10:01:36Z" end-time="2016-05-05 10:01:36Z" duration="0.000042" asserts="1" />
          <test-case id="1031" name="Can_assert_equals(NodeLibrary.ManyChildrenNode,NodeLibrary.ManyChildrenNode)" fullname="NodeTests.LibraryTests.Can_assert_equals(NodeLibrary.ManyChildrenNode,NodeLibrary.ManyChildrenNode)" methodname="Can_assert_equals" classname="NodeTests.LibraryTests" runstate="Runnable" seed="255863106" result="Passed" start-time="2016-05-05 10:01:36Z" end-time="2016-05-05 10:01:36Z" duration="0.000038" asserts="1" />
        </test-suite>
        <test-suite type="ParameterizedMethod" id="1038" name="Can_assert_not_equals" fullname="NodeTests.LibraryTests.Can_assert_not_equals" runstate="Runnable" testcasecount="5" result="Passed" start-time="2016-05-05 10:01:36Z" end-time="2016-05-05 10:01:36Z" duration="0.001272" total="5" passed="5" failed="0" inconclusive="0" skipped="0" asserts="5">
          <test-case id="1033" name="Can_assert_not_equals(NodeLibrary.NoChildrenNode,NodeLibrary.NoChildrenNode)" fullname="NodeTests.LibraryTests.Can_assert_not_equals(NodeLibrary.NoChildrenNode,NodeLibrary.NoChildrenNode)" methodname="Can_assert_not_equals" classname="NodeTests.LibraryTests" runstate="Runnable" seed="304199382" result="Passed" start-time="2016-05-05 10:01:36Z" end-time="2016-05-05 10:01:36Z" duration="0.000737" asserts="1" />
          <test-case id="1034" name="Can_assert_not_equals(NodeLibrary.SingleChildNode,NodeLibrary.NoChildrenNode)" fullname="NodeTests.LibraryTests.Can_assert_not_equals(NodeLibrary.SingleChildNode,NodeLibrary.NoChildrenNode)" methodname="Can_assert_not_equals" classname="NodeTests.LibraryTests" runstate="Runnable" seed="1236280740" result="Passed" start-time="2016-05-05 10:01:36Z" end-time="2016-05-05 10:01:36Z" duration="0.000043" asserts="1" />
          <test-case id="1035" name="Can_assert_not_equals(NodeLibrary.SingleChildNode,NodeLibrary.SingleChildNode)" fullname="NodeTests.LibraryTests.Can_assert_not_equals(NodeLibrary.SingleChildNode,NodeLibrary.SingleChildNode)" methodname="Can_assert_not_equals" classname="NodeTests.LibraryTests" runstate="Runnable" seed="1742977271" result="Passed" start-time="2016-05-05 10:01:36Z" end-time="2016-05-05 10:01:36Z" duration="0.000038" asserts="1" />
          <test-case id="1036" name="Can_assert_not_equals(NodeLibrary.TwoChildrenNode,NodeLibrary.TwoChildrenNode)" fullname="NodeTests.LibraryTests.Can_assert_not_equals(NodeLibrary.TwoChildrenNode,NodeLibrary.TwoChildrenNode)" methodname="Can_assert_not_equals" classname="NodeTests.LibraryTests" runstate="Runnable" seed="1953460272" result="Passed" start-time="2016-05-05 10:01:36Z" end-time="2016-05-05 10:01:36Z" duration="0.000043" asserts="1" />
          <test-case id="1037" name="Can_assert_not_equals(NodeLibrary.ManyChildrenNode,NodeLibrary.ManyChildrenNode)" fullname="NodeTests.LibraryTests.Can_assert_not_equals(NodeLibrary.ManyChildrenNode,NodeLibrary.ManyChildrenNode)" methodname="Can_assert_not_equals" classname="NodeTests.LibraryTests" runstate="Runnable" seed="1403854485" result="Passed" start-time="2016-05-05 10:01:36Z" end-time="2016-05-05 10:01:36Z" duration="0.000037" asserts="1" />
        </test-suite>
      </test-suite>
    </test-suite>
    <test-suite type="SetUpFixture" id="1047" name="NUnitTestLibrary" fullname="NUnitTestLibrary.NodeTestSetup" classname="NUnitTestLibrary.NodeTestSetup" runstate="Runnable" testcasecount="30" result="Passed" start-time="2016-05-05 10:01:36Z" end-time="2016-05-05 10:01:37Z" duration="0.128946" total="30" passed="30" failed="0" inconclusive="0" skipped="0" asserts="40">
      <test-suite type="TestFixture" id="1000" name="DescriberTests" fullname="NUnitTestLibrary.DescriberTests" classname="NUnitTestLibrary.DescriberTests" runstate="Runnable" testcasecount="7" result="Passed" start-time="2016-05-05 10:01:36Z" end-time="2016-05-05 10:01:36Z" duration="0.001758" total="7" passed="7" failed="0" inconclusive="0" skipped="0" asserts="7">
        <test-suite type="ParameterizedMethod" id="1008" name="Can_describe" fullname="NUnitTestLibrary.DescriberTests.Can_describe" runstate="Runnable" testcasecount="7" result="Passed" start-time="2016-05-05 10:01:36Z" end-time="2016-05-05 10:01:36Z" duration="0.001564" total="7" passed="7" failed="0" inconclusive="0" skipped="0" asserts="7">
          <test-case id="1001" name="Can_describe(&quot;Basic&quot;,NodeLibrary.NoChildrenNode,&quot;NoChildrenNode[noChildren1]&quot;)" fullname="NUnitTestLibrary.DescriberTests.Can_describe(&quot;Basic&quot;,NodeLibrary.NoChildrenNode,&quot;NoChildrenNode[noChildren1]&quot;)" methodname="Can_describe" classname="NUnitTestLibrary.DescriberTests" runstate="Runnable" seed="2031539648" result="Passed" start-time="2016-05-05 10:01:36Z" end-time="2016-05-05 10:01:36Z" duration="0.000702" asserts="1" />
          <test-case id="1002" name="Can_describe(&quot;&quot;,NodeLibrary.ManyChildrenNode,&quot;ManyChildrenNode[manyChildren1]&quot;)" fullname="NUnitTestLibrary.DescriberTests.Can_describe(&quot;&quot;,NodeLibrary.ManyChildrenNode,&quot;ManyChildrenNode[manyChildren1]&quot;)" methodname="Can_describe" classname="NUnitTestLibrary.DescriberTests" runstate="Runnable" seed="459524932" result="Passed" start-time="2016-05-05 10:01:36Z" end-time="2016-05-05 10:01:36Z" duration="0.000049" asserts="1" />
          <test-case id="1003" name="Can_describe(&quot;&quot;,NodeLibrary.SingleChildNode,&quot;SingleChildNode[singleChild2]\r\n-NoC...&quot;)" fullname="NUnitTestLibrary.DescriberTests.Can_describe(&quot;&quot;,NodeLibrary.SingleChildNode,&quot;SingleChildNode[singleChild2]\r\n-NoC...&quot;)" methodname="Can_describe" classname="NUnitTestLibrary.DescriberTests" runstate="Runnable" seed="649728609" result="Passed" start-time="2016-05-05 10:01:36Z" end-time="2016-05-05 10:01:36Z" duration="0.000049" asserts="1" />
          <test-case id="1004" name="Can_describe(&quot;&quot;,NodeLibrary.ManyChildrenNode,&quot;ManyChildrenNode[manyChildren2]\r\n-N...&quot;)" fullname="NUnitTestLibrary.DescriberTests.Can_describe(&quot;&quot;,NodeLibrary.ManyChildrenNode,&quot;ManyChildrenNode[manyChildren2]\r\n-N...&quot;)" methodname="Can_describe" classname="NUnitTestLibrary.DescriberTests" runstate="Runnable" seed="1054740957" result="Passed" start-time="2016-05-05 10:01:36Z" end-time="2016-05-05 10:01:36Z" duration="0.000040" asserts="1" />
          <test-case id="1005" name="Can_describe(&quot;&quot;,NodeLibrary.TwoChildrenNode,&quot;TwoChildrenNode[twoChildren3]\r\n-NoC...&quot;)" fullname="NUnitTestLibrary.DescriberTests.Can_describe(&quot;&quot;,NodeLibrary.TwoChildrenNode,&quot;TwoChildrenNode[twoChildren3]\r\n-NoC...&quot;)" methodname="Can_describe" classname="NUnitTestLibrary.DescriberTests" runstate="Runnable" seed="1115956504" result="Passed" start-time="2016-05-05 10:01:36Z" end-time="2016-05-05 10:01:36Z" duration="0.000041" asserts="1" />
          <test-case id="1006" name="Can_describe(&quot;&quot;,NodeLibrary.ManyChildrenNode,&quot;ManyChildrenNode[manyChildren3]\r\n-N...&quot;)" fullname="NUnitTestLibrary.DescriberTests.Can_describe(&quot;&quot;,NodeLibrary.ManyChildrenNode,&quot;ManyChildrenNode[manyChildren3]\r\n-N...&quot;)" methodname="Can_describe" classname="NUnitTestLibrary.DescriberTests" runstate="Runnable" seed="1186271629" result="Passed" start-time="2016-05-05 10:01:36Z" end-time="2016-05-05 10:01:36Z" duration="0.000044" asserts="1" />
          <test-case id="1007" name="Can_describe(&quot;&quot;,NodeLibrary.TwoChildrenNode,&quot;TwoChildrenNode[twoChildren1]\r\n-Sin...&quot;)" fullname="NUnitTestLibrary.DescriberTests.Can_describe(&quot;&quot;,NodeLibrary.TwoChildrenNode,&quot;TwoChildrenNode[twoChildren1]\r\n-Sin...&quot;)" methodname="Can_describe" classname="NUnitTestLibrary.DescriberTests" runstate="Runnable" seed="1123595569" result="Passed" start-time="2016-05-05 10:01:36Z" end-time="2016-05-05 10:01:36Z" duration="0.000043" asserts="1" />
        </test-suite>
      </test-suite>
      <test-suite type="TestFixture" id="1009" name="FactoryTests" fullname="NUnitTestLibrary.FactoryTests" classname="NUnitTestLibrary.FactoryTests" runstate="Runnable" testcasecount="10" result="Passed" start-time="2016-05-05 10:01:36Z" end-time="2016-05-05 10:01:36Z" duration="0.003028" total="10" passed="10" failed="0" inconclusive="0" skipped="0" asserts="20">
        <test-suite type="ParameterizedMethod" id="1020" name="Can_generate_child_appropriate_class" fullname="NUnitTestLibrary.FactoryTests.Can_generate_child_appropriate_class" runstate="Runnable" testcasecount="10" result="Passed" start-time="2016-05-05 10:01:36Z" end-time="2016-05-05 10:01:36Z" duration="0.002864" total="10" passed="10" failed="0" inconclusive="0" skipped="0" asserts="20">
          <test-case id="1010" name="Can_generate_child_appropriate_class(NodeLibrary.NoChildrenNode,&quot;NoChildrenNode&quot;)" fullname="NUnitTestLibrary.FactoryTests.Can_generate_child_appropriate_class(NodeLibrary.NoChildrenNode,&quot;NoChildrenNode&quot;)" methodname="Can_generate_child_appropriate_class" classname="NUnitTestLibrary.FactoryTests" runstate="Runnable" seed="1323870426" result="Passed" start-time="2016-05-05 10:01:36Z" end-time="2016-05-05 10:01:36Z" duration="0.001205" asserts="2" />
          <test-case id="1011" name="Can_generate_child_appropriate_class(NodeLibrary.SingleChildNode,&quot;NoChildrenNode&quot;)" fullname="NUnitTestLibrary.FactoryTests.Can_generate_child_appropriate_class(NodeLibrary.SingleChildNode,&quot;NoChildrenNode&quot;)" methodname="Can_generate_child_appropriate_class" classname="NUnitTestLibrary.FactoryTests" runstate="Runnable" seed="28085923" result="Passed" start-time="2016-05-05 10:01:36Z" end-time="2016-05-05 10:01:36Z" duration="0.000163" asserts="2" />
          <test-case id="1012" name="Can_generate_child_appropriate_class(NodeLibrary.TwoChildrenNode,&quot;NoChildrenNode&quot;)" fullname="NUnitTestLibrary.FactoryTests.Can_generate_child_appropriate_class(NodeLibrary.TwoChildrenNode,&quot;NoChildrenNode&quot;)" methodname="Can_generate_child_appropriate_class" classname="NUnitTestLibrary.FactoryTests" runstate="Runnable" seed="1355878385" result="Passed" start-time="2016-05-05 10:01:36Z" end-time="2016-05-05 10:01:36Z" duration="0.000047" asserts="2" />
          <test-case id="1013" name="Can_generate_child_appropriate_class(NodeLibrary.ManyChildrenNode,&quot;NoChildrenNode&quot;)" fullname="NUnitTestLibrary.FactoryTests.Can_generate_child_appropriate_class(NodeLibrary.ManyChildrenNode,&quot;NoChildrenNode&quot;)" methodname="Can_generate_child_appropriate_class" classname="NUnitTestLibrary.FactoryTests" runstate="Runnable" seed="2047807283" result="Passed" start-time="2016-05-05 10:01:36Z" end-time="2016-05-05 10:01:36Z" duration="0.000051" asserts="2" />
          <test-case id="1014" name="Can_generate_child_appropriate_class(NodeLibrary.SingleChildNode,&quot;SingleChildNode&quot;)" fullname="NUnitTestLibrary.FactoryTests.Can_generate_child_appropriate_class(NodeLibrary.SingleChildNode,&quot;SingleChildNode&quot;)" methodname="Can_generate_child_appropriate_class" classname="NUnitTestLibrary.FactoryTests" runstate="Runnable" seed="1805505942" result="Passed" start-time="2016-05-05 10:01:36Z" end-time="2016-05-05 10:01:36Z" duration="0.000233" asserts="2" />
          <test-case id="1015" name="Can_generate_child_appropriate_class(NodeLibrary.TwoChildrenNode,&quot;SingleChildNode&quot;)" fullname="NUnitTestLibrary.FactoryTests.Can_generate_child_appropriate_class(NodeLibrary.TwoChildrenNode,&quot;SingleChildNode&quot;)" methodname="Can_generate_child_appropriate_class" classname="NUnitTestLibrary.FactoryTests" runstate="Runnable" seed="2024173492" result="Passed" start-time="2016-05-05 10:01:36Z" end-time="2016-05-05 10:01:36Z" duration="0.000081" asserts="2" />
          <test-case id="1016" name="Can_generate_child_appropriate_class(NodeLibrary.ManyChildrenNode,&quot;SingleChildNode&quot;)" fullname="NUnitTestLibrary.FactoryTests.Can_generate_child_appropriate_class(NodeLibrary.ManyChildrenNode,&quot;SingleChildNode&quot;)" methodname="Can_generate_child_appropriate_class" classname="NUnitTestLibrary.FactoryTests" runstate="Runnable" seed="601079006" result="Passed" start-time="2016-05-05 10:01:36Z" end-time="2016-05-05 10:01:36Z" duration="0.000053" asserts="2" />
          <test-case id="1017" name="Can_generate_child_appropriate_class(NodeLibrary.TwoChildrenNode,&quot;TwoChildrenNode&quot;)" fullname="NUnitTestLibrary.FactoryTests.Can_generate_child_appropriate_class(NodeLibrary.TwoChildrenNode,&quot;TwoChildrenNode&quot;)" methodname="Can_generate_child_appropriate_class" classname="NUnitTestLibrary.FactoryTests" runstate="Runnable" seed="1491278414" result="Passed" start-time="2016-05-05 10:01:36Z" end-time="2016-05-05 10:01:36Z" duration="0.000067" asserts="2" />
          <test-case id="1018" name="Can_generate_child_appropriate_class(NodeLibrary.ManyChildrenNode,&quot;TwoChildrenNode&quot;)" fullname="NUnitTestLibrary.FactoryTests.Can_generate_child_appropriate_class(NodeLibrary.ManyChildrenNode,&quot;TwoChildrenNode&quot;)" methodname="Can_generate_child_appropriate_class" classname="NUnitTestLibrary.FactoryTests" runstate="Runnable" seed="87838014" result="Passed" start-time="2016-05-05 10:01:36Z" end-time="2016-05-05 10:01:36Z" duration="0.000048" asserts="2" />
          <test-case id="1019" name="Can_generate_child_appropriate_class(NodeLibrary.ManyChildrenNode,&quot;ManyChildrenNode&quot;)" fullname="NUnitTestLibrary.FactoryTests.Can_generate_child_appropriate_class(NodeLibrary.ManyChildrenNode,&quot;ManyChildrenNode&quot;)" methodname="Can_generate_child_appropriate_class" classname="NUnitTestLibrary.FactoryTests" runstate="Runnable" seed="310844879" result="Passed" start-time="2016-05-05 10:01:36Z" end-time="2016-05-05 10:01:36Z" duration="0.000057" asserts="2" />
        </test-suite>
      </test-suite>
      <test-suite type="TestFixture" id="1048" name="TransformerTests" fullname="NUnitTestLibrary.TransformerTests" classname="NUnitTestLibrary.TransformerTests" runstate="Runnable" testcasecount="6" result="Passed" start-time="2016-05-05 10:01:36Z" end-time="2016-05-05 10:01:36Z" duration="0.001479" total="6" passed="6" failed="0" inconclusive="0" skipped="0" asserts="6">
        <test-suite type="ParameterizedMethod" id="1055" name="Can_transform" fullname="NUnitTestLibrary.TransformerTests.Can_transform" runstate="Runnable" testcasecount="6" result="Passed" start-time="2016-05-05 10:01:36Z" end-time="2016-05-05 10:01:36Z" duration="0.001273" total="6" passed="6" failed="0" inconclusive="0" skipped="0" asserts="6">
          <test-case id="1049" name="Can_transform(NodeLibrary.TwoChildrenNode,NodeLibrary.SingleChildNode)" fullname="NUnitTestLibrary.TransformerTests.Can_transform(NodeLibrary.TwoChildrenNode,NodeLibrary.SingleChildNode)" methodname="Can_transform" classname="NUnitTestLibrary.TransformerTests" runstate="Runnable" seed="1567116626" result="Passed" start-time="2016-05-05 10:01:36Z" end-time="2016-05-05 10:01:36Z" duration="0.000601" asserts="1" />
          <test-case id="1050" name="Can_transform(NodeLibrary.ManyChildrenNode,NodeLibrary.SingleChildNode)" fullname="NUnitTestLibrary.TransformerTests.Can_transform(NodeLibrary.ManyChildrenNode,NodeLibrary.SingleChildNode)" methodname="Can_transform" classname="NUnitTestLibrary.TransformerTests" runstate="Runnable" seed="437974416" result="Passed" start-time="2016-05-05 10:01:36Z" end-time="2016-05-05 10:01:36Z" duration="0.000066" asserts="1" />
          <test-case id="1051" name="Can_transform(NodeLibrary.TwoChildrenNode,NodeLibrary.TwoChildrenNode)" fullname="NUnitTestLibrary.TransformerTests.Can_transform(NodeLibrary.TwoChildrenNode,NodeLibrary.TwoChildrenNode)" methodname="Can_transform" classname="NUnitTestLibrary.TransformerTests" runstate="Runnable" seed="1092008527" result="Passed" start-time="2016-05-05 10:01:36Z" end-time="2016-05-05 10:01:36Z" duration="0.000045" asserts="1" />
          <test-case id="1052" name="Can_transform(NodeLibrary.ManyChildrenNode,NodeLibrary.TwoChildrenNode)" fullname="NUnitTestLibrary.TransformerTests.Can_transform(NodeLibrary.ManyChildrenNode,NodeLibrary.TwoChildrenNode)" methodname="Can_transform" classname="NUnitTestLibrary.TransformerTests" runstate="Runnable" seed="1426289203" result="Passed" start-time="2016-05-05 10:01:36Z" end-time="2016-05-05 10:01:36Z" duration="0.000044" asserts="1" />
          <test-case id="1053" name="Can_transform(NodeLibrary.ManyChildrenNode,NodeLibrary.ManyChildrenNode)" fullname="NUnitTestLibrary.TransformerTests.Can_transform(NodeLibrary.ManyChildrenNode,NodeLibrary.ManyChildrenNode)" methodname="Can_transform" classname="NUnitTestLibrary.TransformerTests" runstate="Runnable" seed="647101171" result="Passed" start-time="2016-05-05 10:01:36Z" end-time="2016-05-05 10:01:36Z" duration="0.000050" asserts="1" />
          <test-case id="1054" name="Can_transform(NodeLibrary.ManyChildrenNode,NodeLibrary.SingleChildNode)" fullname="NUnitTestLibrary.TransformerTests.Can_transform(NodeLibrary.ManyChildrenNode,NodeLibrary.SingleChildNode)" methodname="Can_transform" classname="NUnitTestLibrary.TransformerTests" runstate="Runnable" seed="406267429" result="Passed" start-time="2016-05-05 10:01:36Z" end-time="2016-05-05 10:01:36Z" duration="0.000047" asserts="1" />
        </test-suite>
      </test-suite>
      <test-suite type="TestFixture" id="1056" name="WriterTests" fullname="NUnitTestLibrary.WriterTests" classname="NUnitTestLibrary.WriterTests" runstate="Runnable" testcasecount="7" result="Passed" start-time="2016-05-05 10:01:36Z" end-time="2016-05-05 10:01:37Z" duration="0.083002" total="7" passed="7" failed="0" inconclusive="0" skipped="0" asserts="7">
        <test-suite type="ParameterizedMethod" id="1064" name="Can_write_simple" fullname="NUnitTestLibrary.WriterTests.Can_write_simple" runstate="Runnable" testcasecount="7" result="Passed" start-time="2016-05-05 10:01:36Z" end-time="2016-05-05 10:01:37Z" duration="0.082761" total="7" passed="7" failed="0" inconclusive="0" skipped="0" asserts="7">
          <test-case id="1057" name="Can_write_simple(NodeLibrary.NoChildrenNode)" fullname="NUnitTestLibrary.WriterTests.Can_write_simple(NodeLibrary.NoChildrenNode)" methodname="Can_write_simple" classname="NUnitTestLibrary.WriterTests" runstate="Runnable" seed="637137152" result="Passed" start-time="2016-05-05 10:01:36Z" end-time="2016-05-05 10:01:37Z" duration="0.072562" asserts="1" />
          <test-case id="1058" name="Can_write_simple(NodeLibrary.SingleChildNode)" fullname="NUnitTestLibrary.WriterTests.Can_write_simple(NodeLibrary.SingleChildNode)" methodname="Can_write_simple" classname="NUnitTestLibrary.WriterTests" runstate="Runnable" seed="2128243615" result="Passed" start-time="2016-05-05 10:01:37Z" end-time="2016-05-05 10:01:37Z" duration="0.001808" asserts="1" />
          <test-case id="1059" name="Can_write_simple(NodeLibrary.ManyChildrenNode)" fullname="NUnitTestLibrary.WriterTests.Can_write_simple(NodeLibrary.ManyChildrenNode)" methodname="Can_write_simple" classname="NUnitTestLibrary.WriterTests" runstate="Runnable" seed="1755213412" result="Passed" start-time="2016-05-05 10:01:37Z" end-time="2016-05-05 10:01:37Z" duration="0.001642" asserts="1" />
          <test-case id="1060" name="Can_write_simple(NodeLibrary.TwoChildrenNode)" fullname="NUnitTestLibrary.WriterTests.Can_write_simple(NodeLibrary.TwoChildrenNode)" methodname="Can_write_simple" classname="NUnitTestLibrary.WriterTests" runstate="Runnable" seed="470150322" result="Passed" start-time="2016-05-05 10:01:37Z" end-time="2016-05-05 10:01:37Z" duration="0.001466" asserts="1" />
          <test-case id="1061" name="Can_write_simple(NodeLibrary.ManyChildrenNode)" fullname="NUnitTestLibrary.WriterTests.Can_write_simple(NodeLibrary.ManyChildrenNode)" methodname="Can_write_simple" classname="NUnitTestLibrary.WriterTests" runstate="Runnable" seed="1904274113" result="Passed" start-time="2016-05-05 10:01:37Z" end-time="2016-05-05 10:01:37Z" duration="0.001439" asserts="1" />
          <test-case id="1062" name="Can_write_simple(NodeLibrary.ManyChildrenNode)" fullname="NUnitTestLibrary.WriterTests.Can_write_simple(NodeLibrary.ManyChildrenNode)" methodname="Can_write_simple" classname="NUnitTestLibrary.WriterTests" runstate="Runnable" seed="1564957276" result="Passed" start-time="2016-05-05 10:01:37Z" end-time="2016-05-05 10:01:37Z" duration="0.001661" asserts="1" />
          <test-case id="1063" name="Can_write_simple(NodeLibrary.ManyChildrenNode)" fullname="NUnitTestLibrary.WriterTests.Can_write_simple(NodeLibrary.ManyChildrenNode)" methodname="Can_write_simple" classname="NUnitTestLibrary.WriterTests" runstate="Runnable" seed="256530528" result="Passed" start-time="2016-05-05 10:01:37Z" end-time="2016-05-05 10:01:37Z" duration="0.001466" asserts="1" />
        </test-suite>
      </test-suite>
    </test-suite>
  </test-suite>
</test-run>